0 info it worked if it ends with ok
1 verbose cli [ '/Users/pozylon/.nvm/versions/node/v7.2.0/bin/node',
1 verbose cli   '/Users/pozylon/.nvm/versions/node/v7.2.0/bin/npm',
1 verbose cli   'publish' ]
2 info using npm@4.1.2
3 info using node@v7.2.0
4 verbose publish [ '.' ]
5 silly cache add args [ '.', null ]
6 verbose cache add spec .
7 silly cache add parsed spec Result {
7 silly cache add   raw: '.',
7 silly cache add   scope: null,
7 silly cache add   escapedName: null,
7 silly cache add   name: null,
7 silly cache add   rawSpec: '.',
7 silly cache add   spec: '/Users/pozylon/Repositories/spacepipe',
7 silly cache add   type: 'directory' }
8 verbose addLocalDirectory /Users/pozylon/.npm/spacepipe/1.0.0/package.tgz not in flight; packing
9 verbose correctMkdir /Users/pozylon/.npm correctMkdir not in flight; initializing
10 warn prepublish-on-install As of npm@5, `prepublish` scripts will run only for `npm publish`.
11 warn prepublish-on-install (In npm@4 and previous versions, it also runs for `npm install`.)
12 warn prepublish-on-install See the deprecation note in `npm help scripts` for more information.
13 info lifecycle spacepipe@1.0.0~prepublish: spacepipe@1.0.0
14 verbose lifecycle spacepipe@1.0.0~prepublish: unsafe-perm in lifecycle true
15 verbose lifecycle spacepipe@1.0.0~prepublish: PATH: /Users/pozylon/.nvm/versions/node/v7.2.0/lib/node_modules/npm/bin/node-gyp-bin:/Users/pozylon/Repositories/spacepipe/node_modules/.bin:/Users/pozylon/.nvm/versions/node/v7.2.0/bin:/usr/local/bin:/usr/bin:/bin:/usr/sbin:/sbin
16 verbose lifecycle spacepipe@1.0.0~prepublish: CWD: /Users/pozylon/Repositories/spacepipe
17 silly lifecycle spacepipe@1.0.0~prepublish: Args: [ '-c', 'npm build && npm test' ]
18 silly lifecycle spacepipe@1.0.0~prepublish: Returned: code: 0  signal: null
19 info lifecycle spacepipe@1.0.0~prepare: spacepipe@1.0.0
20 silly lifecycle spacepipe@1.0.0~prepare: no script for prepare, continuing
21 verbose tar pack [ '/Users/pozylon/.npm/spacepipe/1.0.0/package.tgz',
21 verbose tar pack   '/Users/pozylon/Repositories/spacepipe' ]
22 verbose tarball /Users/pozylon/.npm/spacepipe/1.0.0/package.tgz
23 verbose folder /Users/pozylon/Repositories/spacepipe
24 verbose addLocalTarball adding from inside cache /Users/pozylon/.npm/spacepipe/1.0.0/package.tgz
25 verbose correctMkdir /Users/pozylon/.npm correctMkdir not in flight; initializing
26 silly cache afterAdd spacepipe@1.0.0
27 verbose afterAdd /Users/pozylon/.npm/spacepipe/1.0.0/package/package.json not in flight; writing
28 verbose correctMkdir /Users/pozylon/.npm correctMkdir not in flight; initializing
29 verbose afterAdd /Users/pozylon/.npm/spacepipe/1.0.0/package/package.json written
30 silly publish { name: 'spacepipe',
30 silly publish   version: '1.0.0',
30 silly publish   description: 'Build Management for Meteor Applications',
30 silly publish   main: 'dist/build.js',
30 silly publish   scripts:
30 silly publish    { start: 'webpack -w',
30 silly publish      build: 'webpack -p',
30 silly publish      lint: 'eslint .; exit 0;',
30 silly publish      test: 'ava tests/**/*.js',
30 silly publish      'test-w': 'ava -w tests/**/*.js',
30 silly publish      prepublish: 'npm build && npm test' },
30 silly publish   bin: { spacepipe: 'cli.js' },
30 silly publish   author: { name: 'Pascal Kaufmann' },
30 silly publish   license: 'MIT',
30 silly publish   repository:
30 silly publish    { type: 'git',
30 silly publish      url: 'git+https://github.com/reactivec/spacepipe.git' },
30 silly publish   bugs: { url: 'https://github.com/reactivec/spacepipe/issues' },
30 silly publish   homepage: 'https://github.com/reactivec/spacepipe',
30 silly publish   devDependencies:
30 silly publish    { ava: '^0.19.1',
30 silly publish      'babel-eslint': '^7.2.1',
30 silly publish      'babel-loader': '^7.0.0',
30 silly publish      'babel-plugin-add-module-exports': '^0.2.1',
30 silly publish      'babel-preset-env': '^1.3.2',
30 silly publish      'babel-preset-stage-2': '^6.22.0',
30 silly publish      eslint: '^3.19.0',
30 silly publish      'eslint-config-airbnb-base': '^11.1.3',
30 silly publish      'eslint-plugin-import': '^2.2.0',
30 silly publish      'shebang-loader': '0.0.1',
30 silly publish      webpack: '^2.5.1' },
30 silly publish   dependencies:
30 silly publish    { 'async-child-process': '^1.1.1',
30 silly publish      'async-file': '^2.0.2',
30 silly publish      moment: '^2.18.1',
30 silly publish      promise: '^7.1.1',
30 silly publish      vorpal: '^1.12.0',
30 silly publish      'vorpal-rc': '^1.1.0' },
30 silly publish   babel:
30 silly publish    { presets: [ 'env', 'stage-2' ],
30 silly publish      plugins: [ 'add-module-exports' ] },
30 silly publish   eslintConfig:
30 silly publish    { parser: 'babel-eslint',
30 silly publish      parserOptions:
30 silly publish       { sourceType: 'module',
30 silly publish         allowImportExportEverywhere: true,
30 silly publish         ecmaFeatures: [Object] },
30 silly publish      plugins: [ 'import' ],
30 silly publish      extends: [ 'airbnb-base' ],
30 silly publish      globals: { server: true, browser: false, expect: false },
30 silly publish      env: { node: true, browser: false, es6: true } },
30 silly publish   readme: '# spacepipe\nSpacepipe makes it easy to wrap Meteor apps into production-ready docker containers\n',
30 silly publish   readmeFilename: 'README.md',
30 silly publish   gitHead: 'fa1127e4196bbacffad526af4d268aa0ce9fbe41',
30 silly publish   _id: 'spacepipe@1.0.0',
30 silly publish   _shasum: 'f5bda5039c4f5995487152dd2526c63acff3db51',
30 silly publish   _from: '.' }
31 info lifecycle spacepipe@1.0.0~prepublishOnly: spacepipe@1.0.0
32 silly lifecycle spacepipe@1.0.0~prepublishOnly: no script for prepublishOnly, continuing
33 verbose getPublishConfig undefined
34 silly mapToRegistry name spacepipe
35 silly mapToRegistry using default registry
36 silly mapToRegistry registry https://registry.npmjs.org/
37 silly mapToRegistry data Result {
37 silly mapToRegistry   raw: 'spacepipe',
37 silly mapToRegistry   scope: null,
37 silly mapToRegistry   escapedName: 'spacepipe',
37 silly mapToRegistry   name: 'spacepipe',
37 silly mapToRegistry   rawSpec: '',
37 silly mapToRegistry   spec: 'latest',
37 silly mapToRegistry   type: 'tag' }
38 silly mapToRegistry uri https://registry.npmjs.org/spacepipe
39 verbose publish registryBase https://registry.npmjs.org/
40 silly publish uploading /Users/pozylon/.npm/spacepipe/1.0.0/package.tgz
41 verbose request uri https://registry.npmjs.org/spacepipe
42 verbose request sending authorization for write operation
43 info attempt registry request try #1 at 07:23:02
44 verbose request using bearer token for auth
45 verbose request id 3a5135294ad0aff9
46 http request PUT https://registry.npmjs.org/spacepipe
47 http 403 https://registry.npmjs.org/spacepipe
48 verbose headers { 'content-type': 'application/json',
48 verbose headers   'cache-control': 'max-age=300',
48 verbose headers   'content-length': '95',
48 verbose headers   'accept-ranges': 'bytes',
48 verbose headers   date: 'Wed, 10 May 2017 05:23:06 GMT',
48 verbose headers   via: '1.1 varnish',
48 verbose headers   connection: 'keep-alive',
48 verbose headers   'x-served-by': 'cache-hhn1536-HHN',
48 verbose headers   'x-cache': 'MISS',
48 verbose headers   'x-cache-hits': '0',
48 verbose headers   'x-timer': 'S1494393785.924055,VS0,VE1411',
48 verbose headers   vary: 'Accept-Encoding' }
49 verbose request invalidating /Users/pozylon/.npm/registry.npmjs.org/spacepipe on PUT
50 error publish Failed PUT 403
51 verbose stack Error: "You cannot publish over the previously published version 1.0.0." : spacepipe
51 verbose stack     at makeError (/Users/pozylon/.nvm/versions/node/v7.2.0/lib/node_modules/npm/node_modules/npm-registry-client/lib/request.js:304:12)
51 verbose stack     at CachingRegistryClient.<anonymous> (/Users/pozylon/.nvm/versions/node/v7.2.0/lib/node_modules/npm/node_modules/npm-registry-client/lib/request.js:292:14)
51 verbose stack     at Request._callback (/Users/pozylon/.nvm/versions/node/v7.2.0/lib/node_modules/npm/node_modules/npm-registry-client/lib/request.js:212:14)
51 verbose stack     at Request.self.callback (/Users/pozylon/.nvm/versions/node/v7.2.0/lib/node_modules/npm/node_modules/request/request.js:186:22)
51 verbose stack     at emitTwo (events.js:106:13)
51 verbose stack     at Request.emit (events.js:191:7)
51 verbose stack     at Request.<anonymous> (/Users/pozylon/.nvm/versions/node/v7.2.0/lib/node_modules/npm/node_modules/request/request.js:1081:10)
51 verbose stack     at emitOne (events.js:96:13)
51 verbose stack     at Request.emit (events.js:188:7)
51 verbose stack     at IncomingMessage.<anonymous> (/Users/pozylon/.nvm/versions/node/v7.2.0/lib/node_modules/npm/node_modules/request/request.js:1001:12)
52 verbose statusCode 403
53 verbose pkgid spacepipe
54 verbose cwd /Users/pozylon/Repositories/spacepipe
55 error Darwin 16.5.0
56 error argv "/Users/pozylon/.nvm/versions/node/v7.2.0/bin/node" "/Users/pozylon/.nvm/versions/node/v7.2.0/bin/npm" "publish"
57 error node v7.2.0
58 error npm  v4.1.2
59 error code E403
60 error "You cannot publish over the previously published version 1.0.0." : spacepipe
61 error If you need help, you may report this error at:
61 error     <https://github.com/npm/npm/issues>
62 verbose exit [ 1, true ]
