0 info it worked if it ends with ok
1 verbose cli [ '/Users/pozylon/.nvm/versions/node/v7.2.0/bin/node',
1 verbose cli   '/Users/pozylon/.nvm/versions/node/v7.2.0/bin/npm',
1 verbose cli   'run',
1 verbose cli   'build' ]
2 info using npm@4.1.2
3 info using node@v7.2.0
4 verbose run-script [ 'prebuild', 'build', 'postbuild' ]
5 info lifecycle todos-react@~prebuild: todos-react@
6 silly lifecycle todos-react@~prebuild: no script for prebuild, continuing
7 info lifecycle todos-react@~build: todos-react@
8 verbose lifecycle todos-react@~build: unsafe-perm in lifecycle true
9 verbose lifecycle todos-react@~build: PATH: /Users/pozylon/.nvm/versions/node/v7.2.0/lib/node_modules/npm/bin/node-gyp-bin:/Users/pozylon/Repositories/spacepipe/examples/todos/node_modules/.bin:/Users/pozylon/.nvm/versions/node/v7.2.0/bin:/usr/local/bin:/usr/bin:/bin:/usr/sbin:/sbin
10 verbose lifecycle todos-react@~build: CWD: /Users/pozylon/Repositories/spacepipe/examples/todos
11 silly lifecycle todos-react@~build: Args: [ '-c', 'spacepipe fire' ]
12 silly lifecycle todos-react@~build: Returned: code: 1  signal: null
13 info lifecycle todos-react@~build: Failed to exec build script
14 verbose stack Error: todos-react@ build: `spacepipe fire`
14 verbose stack Exit status 1
14 verbose stack     at EventEmitter.<anonymous> (/Users/pozylon/.nvm/versions/node/v7.2.0/lib/node_modules/npm/lib/utils/lifecycle.js:279:16)
14 verbose stack     at emitTwo (events.js:106:13)
14 verbose stack     at EventEmitter.emit (events.js:191:7)
14 verbose stack     at ChildProcess.<anonymous> (/Users/pozylon/.nvm/versions/node/v7.2.0/lib/node_modules/npm/lib/utils/spawn.js:40:14)
14 verbose stack     at emitTwo (events.js:106:13)
14 verbose stack     at ChildProcess.emit (events.js:191:7)
14 verbose stack     at maybeClose (internal/child_process.js:885:16)
14 verbose stack     at Process.ChildProcess._handle.onexit (internal/child_process.js:226:5)
15 verbose pkgid todos-react@
16 verbose cwd /Users/pozylon/Repositories/spacepipe/examples/todos
17 error Darwin 16.5.0
18 error argv "/Users/pozylon/.nvm/versions/node/v7.2.0/bin/node" "/Users/pozylon/.nvm/versions/node/v7.2.0/bin/npm" "run" "build"
19 error node v7.2.0
20 error npm  v4.1.2
21 error code ELIFECYCLE
22 error todos-react@ build: `spacepipe fire`
22 error Exit status 1
23 error Failed at the todos-react@ build script 'spacepipe fire'.
23 error Make sure you have the latest version of node.js and npm installed.
23 error If you do, this is most likely a problem with the todos-react package,
23 error not with npm itself.
23 error Tell the author that this fails on your system:
23 error     spacepipe fire
23 error You can get information on how to open an issue for this project with:
23 error     npm bugs todos-react
23 error Or if that isn't available, you can get their info via:
23 error     npm owner ls todos-react
23 error There is likely additional logging output above.
24 verbose exit [ 1, true ]
